<?xml version="1.0" encoding="UTF-8"?>
<!-- Generated by org.testng.reporters.JUnitXMLReporter -->
<testsuite ignored="0" hostname="CompediaPavel" failures="0" tests="8" name="Default test" time="23.649" errors="0" timestamp="12 Sep 2018 11:18:53 GMT">
  <testcase classname="com.italam.tests.Tests_API_REST" name="apiTestUpdateorganizationLicensing" time="2.844"/>
  <testcase classname="com.italam.tests.Tests_API_REST" name="apiTest_AllCases" time="3.228"/>
  <testcase classname="com.italam.tests.Tests_API_REST" name="apiTest_CreateOrganizationGetPassword" time="1.526"/>
  <testcase classname="com.italam.tests.Tests_API_REST" name="apiTest_UpdateEmail" time="1.524"/>
  <testcase classname="com.italam.tests.Tests_API_REST" name="apiTest_UpdateOrgAdmin" time="1.718"/>
  <testcase classname="com.italam.tests.Tests_API_REST" name="apiTest_getInitialDatan" time="1.509"/>
  <testcase classname="com.italam.tests.Tests_API_REST" name="apiTest_getOrgAdmin" time="1.571"/>
  <testcase classname="com.italam.tests.Tests_API_REST" name="apiTest_getOrganizationProfile" time="1.646"/>
</testsuite> <!-- Default test -->
