<?xml version="1.0" encoding="UTF-8"?>
<!-- Generated by org.testng.reporters.JUnitXMLReporter -->
<testsuite ignored="0" hostname="CompediaPavel" failures="0" tests="8" name="API Tests" time="23.668" errors="0" timestamp="17 Oct 2018 11:21:31 GMT">
  <testcase classname="com.italam.tests.Tests_API_REST" name="apiTestUpdateorganizationLicensing" time="2.973"/>
  <testcase classname="com.italam.tests.Tests_API_REST" name="apiTest_AllCases" time="3.247"/>
  <testcase classname="com.italam.tests.Tests_API_REST" name="apiTest_CreateOrganizationGetPassword" time="1.234"/>
  <testcase classname="com.italam.tests.Tests_API_REST" name="apiTest_UpdateEmail" time="1.436"/>
  <testcase classname="com.italam.tests.Tests_API_REST" name="apiTest_UpdateOrgAdmin" time="1.714"/>
  <testcase classname="com.italam.tests.Tests_API_REST" name="apiTest_getInitialDatan" time="1.785"/>
  <testcase classname="com.italam.tests.Tests_API_REST" name="apiTest_getOrgAdmin" time="1.749"/>
  <testcase classname="com.italam.tests.Tests_API_REST" name="apiTest_getOrganizationProfile" time="1.431"/>
</testsuite> <!-- API Tests -->
